********************************************************************************
PACKAGE-LOG: 2016-04-14 11:33:20
NOTICE: Do NOT post to public sites or forums 
********************************************************************************
VERSION:	1.1.6
WORDPRESS:	4.5
PHP INFO:	7.0.4 | SAPI: apache2handler
SERVER:		Apache/2.4.18 (Win32) OpenSSL/1.0.2e PHP/7.0.4 
PHP TIME LIMIT: (0) no time limit imposed 
PHP MAX MEMORY: 5000M (128M default) 
MEMORY STACK: 4MB 

********************************************************************************
DATABASE:
********************************************************************************
BUILD MODE:   PHP(query limit - 100)
MYSQLTIMEOUT: 5000
MYSQLDUMP:    Is Supported 
TABLES: total:30 | filtered:0 | create:30 
FILTERED: [] 
SQL CREATED: 20160414_artagainstknives_570f7fe5743557498160414113253_database.sql 
SQL FILE SIZE: 1.81MB (1893928) 
SQL FILE TIME: 2016-04-14 11:33:20 
SQL RUNTIME: 0.38 sec. 

******************************************************************************** 
ARCHIVE (ZIP): 
******************************************************************************** 
ARCHIVE DIR:  C:/xampp/apps/wordpress/htdocs 
ARCHIVE FILE: 20160414_artagainstknives_570f7fe5743557498160414113253_archive.zip 
FILTERS: *OFF* 
DIRS:  not set 
EXTS:  not set 
---------------------------------------- 
COMPRESSING 
SIZE:	172.5MB 
STATS:	Dirs 1,331 | Files 8,888 
SQL ADDED: 20160414_artagainstknives_570f7fe5743557498160414113253_database.sql 
ZipArchive Object
(
    [status] => 0
    [statusSys] => 0
    [numFiles] => 10219
    [filename] => C:\xampp\apps\wordpress\htdocs\wp-snapshots\tmp\20160414_artagainstknives_570f7fe5743557498160414113253_archive.zip
    [comment] => 
)
 
COMPRESSION RESULT: '1' 
COMPRESSED SIZE: 80.22MB 
ARCHIVE RUNTIME: 29.45 sec. 
MEMORY STACK: 8MB 

******************************************************************************** 
MAKE INSTALLER: 
******************************************************************************** 
Build Start 
Build Finished 
Preping for use 
Template parsed with new data 
Complete [C:/xampp/apps/wordpress/htdocs/wp-snapshots/tmp/20160414_artagainstknives_570f7fe5743557498160414113253_installer.php] 
Added to archive 

******************************************************************************** 
INTEGRITY CHECKS: 
******************************************************************************** 
SQL File: 1.81MB 
Installer File: 319.29KB 
Archive File: 80.22MB  

********************************************************************************
RECORD ID:[1]
TOTAL PROCESS RUNTIME: 35.97 sec.
PEAK PHP MEMORY USED: 8MB
DONE PROCESSING => 20160414_artagainstknives 2016-04-14 11:33:56
 
